{"/tmp_amd/adams/export/adams/5/z5387411/COMP1531/1531exam/1531exam/acronym.ts": {"path":"/tmp_amd/adams/export/adams/5/z5387411/COMP1531/1531exam/1531exam/acronym.ts","statementMap":{"0":{"start":{"line":2,"column":2},"end":{"line":4,"column":null}},"1":{"start":{"line":3,"column":4},"end":{"line":3,"column":22}},"2":{"start":{"line":5,"column":22},"end":{"line":5,"column":24}},"3":{"start":{"line":6,"column":2},"end":{"line":15,"column":null}},"4":{"start":{"line":6,"column":15},"end":{"line":6,"column":16}},"5":{"start":{"line":7,"column":21},"end":{"line":7,"column":47}},"6":{"start":{"line":8,"column":22},"end":{"line":8,"column":34}},"7":{"start":{"line":9,"column":4},"end":{"line":9,"column":43}},"8":{"start":{"line":10,"column":4},"end":{"line":10,"column":28}},"9":{"start":{"line":11,"column":4},"end":{"line":13,"column":null}},"10":{"start":{"line":12,"column":6},"end":{"line":12,"column":18}},"11":{"start":{"line":14,"column":4},"end":{"line":14,"column":21}},"12":{"start":{"line":16,"column":2},"end":{"line":16,"column":16}},"13":{"start":{"line":1,"column":0},"end":{"line":1,"column":16}}},"fnMap":{"0":{"name":"acronym_make","decl":{"start":{"line":1,"column":16},"end":{"line":1,"column":28}},"loc":{"start":{"line":1,"column":45},"end":{"line":17,"column":1}}}},"branchMap":{"0":{"loc":{"start":{"line":2,"column":2},"end":{"line":4,"column":null}},"type":"if","locations":[{"start":{"line":2,"column":2},"end":{"line":4,"column":null}}]},"1":{"loc":{"start":{"line":11,"column":4},"end":{"line":13,"column":null}},"type":"if","locations":[{"start":{"line":11,"column":4},"end":{"line":13,"column":null}}]}},"s":{"0":5,"1":1,"2":4,"3":4,"4":4,"5":5,"6":5,"7":5,"8":5,"9":5,"10":1,"11":5,"12":4,"13":1},"f":{"0":5},"b":{"0":[1],"1":[1]}}
}
